0.000137849
0.00134456
0.00356329
0.0043359
0.00488842
0.00486766
0.00508605
0.00516342
0.00524
0.00669958
0.00676084
0.00760552
0.00765757
0.00901397
0.00905181
0.0098544
0.00997576
0.0112511
0.0112656
0.0112797
0.0112936
0.0113072
0.0114402
0.0114519
0.0114631
0.0114741
0.0114849
0.0122808
0.0122834
0.0135137
0.0147002
0.0146784
0.0157871
0.0157542
0.0167988
0.0175202
0.0174697
0.0184435
0.0193844
0.0200611
0.0207214
0.0206382
0.0205556
0.0215833
0.0214891
0.022452
0.0231611
0.023044
0.0237464
0.0236277
0.02351
0.0233933
0.024074
0.0239515
0.0238525
0.0245152
0.0243877
0.0253447
0.0252087
0.0258416
0.0257003
0.0255604
0.0264624
0.0265936
0.0274776
0.0273952
0.0280262
0.0278054
0.0286756
0.0284612
0.0293015
0.0299154
0.0305132
0.0304894
0.0302974
0.0311018
0.030929
0.0307317
0.0313269
0.0321066
0.0328602
0.0327999
0.0333701
0.0331468
0.0338683
0.0336396
0.0343319
0.0340984
0.0338671
0.0344162
0.0350644
0.0355858
0.0353392
0.0356348
0.0362795
0.0369214
0.0374575
0.0379807
0.0384841
0.0382058
0.0379301
0.0384035
0.0384674
0.0381881
0.0386725
0.0383905
0.0388644
0.0395044
0.0399505
0.0396551
0.0402602
0.0399615
0.0396657
0.0393728
0.0390827
0.0395088
0.0392173
0.0389286
0.0390628
0.0387748
0.0384893
0.0382064
0.0386733
0.0383884
0.0390351
0.0387463
0.0384098
0.0390313
0.0387423
0.0393368
0.0391401
0.0395951
0.0400411
0.0406086
0.0404369
0.0401578
0.0397717
0.039473
0.039182
0.0388891
0.0393454
0.0399226
0.0396223
0.0393248
0.0390303
0.0388374
0.0385474
0.0382601
0.0379755
0.038559
0.0390163
0.0387169
0.039275
0.0398155
0.0395147
0.0399522
0.0403759
0.0400692
0.0397654
0.0397954
0.0394936
0.0391946
0.0397426
0.0393843
0.038995
0.0387006
0.0383431
0.0380551
0.0377698
0.038311
0.0380231
0.037738
0.0374557
0.0379774
0.0376927
0.038194
0.0379069
0.0378109
0.0375271
0.0380285
0.0385173
0.0389989
0.0394658
0.0399154
0.0396098
0.0395926
0.0400418
0.039734
0.0393725
0.039071
0.0387117
0.0391941
0.0396605
0.0393559
0.0398062
0.0394999
0.0399341
0.0403618
0.0400497
0.0404612
0.0408573
0.0412354
0.0414772
0.0412924
0.0410265
0.0414985
0.0411728
0.0408502
0.0405308
0.0402145
0.0406806
0.0404355
0.0408592
0.0412646
0.0410517
0.0414422
0.0418215
0.0414916
0.0419253
0.0422787
0.0426191
0.0425793
0.042241
0.0418463
0.0422984
0.0419622
0.0415779
0.0411715
0.0415385
0.0419751
0.0416419
0.0413119
0.0416612
0.0413309
0.0417481
0.0414168
0.0410888
0.040764
0.0404424
0.0401239
0.0398086
0.039806
0.0394934
0.0391428
0.0388364
0.0385559
0.0382554
0.037958
0.0376635
0.037372
0.0378383
0.0375449
0.0379943
0.0377771
0.0381796
0.0386155
0.0390385
0.0394211
0.0391111
0.0388041
0.0385001
0.0388986
0.0388999
0.0393035
0.0396984
0.0393845
0.0390735
0.0387216
0.0391294
0.0388207
0.0392171
0.0389393
0.0393367
0.0390177
0.0386573
0.0383526
0.0387583
0.0391521
0.0395297
0.0398894
0.039572
0.0399611
0.0403379
0.0400157
0.0403737
0.0406958
0.0403699
0.0400471
0.0402714
0.0400174
0.0398229
0.0402258
0.0400124
0.0396921
0.040066
0.040422
0.0400976
0.0404395
0.0403668
0.0400425
0.0396545
0.0400146
0.0396934
0.0400792
0.0404238
0.0401105
0.040483
0.0408161
0.0404862
0.0401596
0.0404832
0.0401565
0.0404685
0.0407689
0.0407266
0.0403968
0.0400701
0.0397466
0.0394261
0.0391089
0.0394404
0.039762
0.0400704
0.0403643
0.040762
0.040431
0.0401032
0.0397786
0.0394572
0.0398457
0.0395236
0.0398979
0.0395752
0.0392556
0.0389392
0.0392999
0.039577
0.0392572
0.0395263
0.0397861
0.039464
0.0397815
0.0395274
0.0398352
0.0402598
0.0399313
0.0396061
0.0392839
0.0393544
0.0390644
0.0388398
0.0391256
0.0388089
0.0384954
0.0388799
0.0385655
0.0389368
0.0392944
0.0389757
0.0386602
0.0383478
0.0380384
0.0377321
0.0378614
0.0381717
0.0384867
0.0388766
0.0391808
0.038862
0.0391559
0.0388372
0.0392136
0.03893
0.0386133
0.0382996
0.037989
0.0383693
0.03803
0.0376819
0.03731
0.0376887
0.0373839
0.037082
0.0367831
0.0371526
0.0375105
0.0372072
0.037548
0.0378759
0.0375687
0.0375598
0.0372612
0.0376075
0.0379561
0.0376472
0.0379901
0.038328
0.0386531
0.038973
0.0392786
0.0395793
0.0398686
0.0395401
0.0395086
0.039801
0.0394726
0.0397696
0.0394413
0.0397303
0.0400512
0.0403229
0.0399888
0.0402947
0.0405898
0.0408714
0.0411195
0.0413786
0.0410336
0.040692
0.0403537
0.0406041
0.0408431
0.0405032
0.0407841
0.0404712
0.040134
0.0402003
0.0398659
0.039535
0.039206
0.0388817
0.0385345
0.0382168
0.0379022
0.0375907
0.0378965
0.0381932
0.0384781
0.0381608
0.0384686
0.0381512
0.0378369
0.0375258
0.0378276
0.0375164
0.0374756
0.0377656
0.0374546
0.0377783
0.037467
0.0377838
0.0374723
0.0371638
0.0374635
0.0371551
0.0374461
0.0377271
0.0380254
0.0378889
0.0375758
0.0378856
0.0375437
0.0378463
0.0381378
0.0378219
0.0381034
0.0377877
0.0374751
0.0377501
0.0380225
0.0382865
0.0385397
0.0387922
0.0384693
0.0387141
0.0383919
0.0380728
0.0383096
0.0385393
0.0382186
0.0386315
0.0383218
0.0380023
0.0376858
0.0380011
0.0383099
0.0385634
0.038858
0.039091
0.0393447
0.0390154
0.0386893
0.0383664
0.0380467
0.0384061
0.0380816
0.0377639
0.0374492
0.0371375
0.0374808
0.0377887
0.0380878
0.0377695
0.0374544
0.0371423
0.0374304
0.0371186
0.0374499
0.0377708
0.0380782
0.0383709
0.0381206
0.0378017
0.0380654
0.0383179
0.0385586
0.0385072
0.0387504
0.0384247
0.038139
0.0378193
0.0381002
0.0383715
0.0381107
0.0383576
0.0386002
0.0388615
0.0391147
0.0393392
0.0392061
0.0394564
0.0390853
0.0393371
0.0395806
0.0398134
0.0394759
0.0391417
0.0393804
0.0395978
0.039462
0.0391276
0.0388083
0.0390623
0.0387317
0.0389662
0.0386365
0.03831
0.0385576
0.0387975
0.0390272
0.0392461
0.0394644
0.0396655
0.0398721
0.0400592
0.0402458
0.0404698
0.0407031
0.0403548
0.04001
0.0396685
0.0393303
0.0392734
0.0389394
0.0386088
0.0384423
0.0381166
0.037794
0.0374746
0.037206
0.0368924
0.036582
0.0362747
0.0359705
0.0362261
0.0359223
0.0356902
0.0359532
0.0356029
0.0358644
0.0355639
0.0358245
0.0355243
0.0352271
0.0349953
0.0352605
0.0355216
0.0357744
0.0354744
0.0357381
0.035519
0.0352213
0.0349265
0.0346346
0.0349119
0.03462
0.0342995
0.0345629
0.0342766
0.0345488
0.0342604
0.0339781
0.0336481
0.0333685
0.0336488
0.0333287
0.0330123
0.0327389
0.0330168
0.0332869
0.0330107
0.0332703
0.0331124
0.0328095
0.0330762
0.0328017
0.0325299
0.0327955
0.0330538
0.0327794
0.0330278
0.0333281
0.0330508
0.0328608
0.0325513
0.0322815
0.0320144
0.0323314
0.0320638
0.0323239
0.032038
0.0323432
0.0325904
0.03232
0.0325599
0.0327923
0.0327461
0.0324739
0.0322043
0.03205
0.031766
0.0315172
0.0312571
0.0315736
0.0318189
0.031627
0.0313371
0.0315893
0.0319076
0.0316114
0.0319215
0.0322216
0.0324586
0.0326892
0.0329664
0.0326914
0.0327336
0.0330219
0.0332656
0.0331059
0.0333895
0.0331097
0.0328328
0.0330622
0.0332849
0.0334996
0.0332187
0.0332483
0.0335328
0.0333359
0.0330562
0.0327793
0.0325051
0.0327929
0.0330724
0.0327952
0.0330634
0.033291
0.0335124
0.0334603
0.0336869
0.033432
0.0337051
0.0333756
0.033095
0.032804
0.033076
0.0327724
0.033007
0.0327131
0.0329455
0.0326502
0.0323764
0.0326082
0.0323347
0.032613
0.0328838
0.033103
0.0328245
0.0330808
0.0328025
0.0325269
0.032254
0.0319838
0.031984
0.0316806
0.0314158
0.0317075
0.0316331
0.0313256
0.0310644
0.0313042
0.0310432
0.0312755
0.031536
0.0317893
0.0315235
0.0316732
0.0319411
0.032215
0.0319444
0.0322177
0.0324787
0.0324032
0.0326493
0.0328785
0.0330977
0.0328182
0.0325415
0.0326959
0.0324201
0.0323649
0.0320924
0.0318226
0.0315089
0.0317521
0.0314972
0.0312024
0.0309414
0.0312109
0.0314741
0.0311906
0.0314465
0.0311828
0.0314316
0.031168
0.0309071
0.0311496
0.0308888
0.0306306
0.0303749
0.0302749
0.0305439
0.030812
0.0310739
0.0313269
0.031574
0.0318177
0.0320541
0.0317838
0.0320155
0.032239
0.0319667
0.0316971
0.0319218
0.0316526
0.0317395
0.0314488
0.0313463
0.0315937
0.0318311
0.0320586
0.0322764
0.0320034
0.0319518
0.0321729
0.0319646
0.0316943
0.0319495
0.0316794
0.031412
0.0311472
0.0313985
0.031643
0.0318602
0.0320718
0.0318003
0.0320046
0.0317338
0.031932
0.0316618
0.0313942
0.0316259
0.0313586
0.0315411
0.0312685
0.031536
0.0317723
0.0320371
0.0317652
0.031745
0.0314761
0.0313567
0.0311096
0.0313372
0.0315623
0.0312951
0.0315508
0.0318002
0.0315305
0.0312635
0.0309991
0.0307383
0.030479
0.0302019
0.0304559
0.0306846
0.0304259
0.0301697
0.029916
0.0296648
0.0294161
0.0291699
0.0289261
0.0291838
0.0289398
0.0288304
0.0290775
0.0288344
0.0285937
0.0288456
0.0290915
0.0293298
0.0295596
0.0293115
0.029532
0.0297456
0.0294956
0.0292481
0.0295145
0.0297741
0.0295237
0.0297743
0.0300171
0.0302513
0.0299961
0.0302021
0.0304252
0.0304155
0.0306676
0.0308807
0.0310857
0.0313152
0.0310491
0.0310534
0.0312622
0.0311108
0.0313535
0.0310867
0.0313199
0.0315454
0.0312766
0.0310105
0.0312281
0.0314393
0.0316362
0.0318352
0.0315634
0.0312943
0.0314864
0.0316734
0.031863
0.0315908
0.0317686
0.0321128
0.0318704
0.0320911
0.032313
0.0325305
0.032251
0.0319743
0.0317002
0.0319508
0.0321625
0.032402
0.0326034
0.0328305
0.0325478
0.0327399
0.0329261
0.0331053
0.0333167
0.0335219
0.0332322
0.0329453
0.0331442
0.033337
0.0335003
0.0332107
0.0333931
0.0331044
0.0332643
0.0334392
0.03315
0.0333207
0.0334857
0.0336443
0.033796
0.0335032
0.0336484
0.0337882
0.0339222
0.033628
0.0333367
0.0338849
0.034057
0.0342497
0.0344483
0.034645
0.0352016
0.0348943
0.0350087
0.0347036
0.0353725
0.0355115
0.0356731
0.0361858
0.0363737
0.0360549
0.0363642
0.036485
0.0366838
0.0363615
0.0365685
0.0366789
0.0363568
0.036038
0.0361442
0.0358275
0.035928
0.0356135
0.0357107
0.0353983
0.0354931
0.035584
0.0360341
0.0361558
0.0363765
0.0367516
0.0363886
0.0360692
0.0361601
0.0358431
0.0355293
0.0352185
0.0356492
0.035431
0.0355109
0.0352482
0.0349401
0.0349189
0.0350433
0.0351709
0.0348634
0.0346958
0.0343694
0.0345767
0.0342751
0.0341404
0.0343521
0.0340525
0.0337559
0.033974
0.0341858
0.0338878
0.0335927
0.0333006
0.0330075
0.0326896
0.0324064
0.032126
0.0322833
0.0320041
0.0321585
0.0318805
0.0320972
0.0323079
0.0320283
0.0317516
0.0314775
0.0314222
0.0311539
0.0313283
0.0310582
0.0312928
0.0314649
0.0312625
0.0309914
0.0307518
0.0304874
0.0302255
0.0299663
0.0297096
0.0294555
0.0296985
0.0299352
0.0296788
0.0299072
0.0296983
0.0294102
0.0296408
0.0293815
0.0291003
0.028852
0.0290803
0.029275
0.0294935
0.0292412
0.0294537
0.0296598
0.0298587
0.0300396
0.0301169
0.0298581
0.02982
0.0300294
0.0302211
0.0304055
0.0303363
0.0305244
0.0307129
0.0308976
0.0306308
0.0303666
0.0305481
0.0302847
0.0304621
0.0306752
0.0308826
0.0306158
0.0303516
0.0301805
0.0303909
0.0305993
0.0308023
0.0309984
0.0307164
0.0304509
0.0301641
0.0303593
0.0305498
0.0302987
0.0300373
0.0302276
0.0304209
0.0301599
0.0298714
0.030062
0.0302484
0.030429
0.0306202
0.0307898
0.0305233
0.0307082
0.0304424
0.0301792
0.0301539
0.030352
0.0300895
0.0298296
0.0300279
0.0300086
0.0302011
0.0301613
0.0299046
0.0296465
0.0295493
0.0297466
0.0299343
0.0301136
0.0302867
0.0304548
0.0306183
0.0307767
0.0305099
0.0302456
0.0304049
0.0301417
0.030298
0.0300358
0.0297762
0.0295192
0.029676
0.02942
0.0291664
0.0295847
0.0297858
0.0300581
0.029798
0.0295405
0.0292857
0.0290333
0.0292084
0.0289569
0.0287078
0.0288806
0.0286323
0.0283864
0.0285818
0.0283362
0.028093
0.0283571
0.0285627
0.0283175
0.0285474
0.0283021
0.0280593
0.0282325
0.0284279
0.0281839
0.0279425
0.0281177
0.0283819
0.0281382
0.0283695
0.0286352
0.0283891
0.0281455
0.0283311
0.0280881
0.0278476
0.0280258
0.0281991
0.0279574
0.0281256
0.0278846
0.027646
0.0278117
0.0279732
0.0277337
0.0279037
0.0280698
0.0287712
0.0289701
0.0287201
0.0295
0.0292451
0.0294127
0.029159
0.0289077
0.0290542
0.0288041
0.0285564
0.0286999
0.029679
0.0298773
0.0296182
0.0298758
0.0301369
0.0304004
0.0316492
0.031373
0.0310999
0.0323473
0.0321842
0.0323863
0.0321027
0.032326
0.0325535
0.0334851
0.033191
0.0337922
0.0335977
0.0337637
0.0339457
0.0336467
0.0341201
0.0338197
0.0339371
0.0340412
0.0337419
0.0334456
0.0342336
0.0341494
0.0338485
0.0335505
0.0332555
0.0334467
0.0336335
0.0333376
0.0335437
0.0332487
0.0329565
0.0326673
0.0328521
0.0332958
0.0334266
0.0331331
0.0328426
0.0329651
0.0330574
0.0331707
0.0328799
0.0329899
0.0327009
0.0328083
0.0328956
0.032997
0.0327078
0.0338229
0.0339735
0.0348231
0.0347255
0.0344191
0.0345069
0.0353155
0.0350031
0.0351902
0.0359509
0.0360837
0.035764
0.0354476
0.0355227
0.0356062
0.0356726
0.0357489
0.0354327
0.0351196
0.0351963
0.0348855
0.0349528
0.0346443
0.0347214
0.0344153
0.0344837
0.0345496
0.0346122
0.0343071
0.0340049
0.0340841
0.0337841
0.0334871
0.0348511
0.034543
0.0347427
0.034965
0.0346552
0.0343484
0.036212
0.0359359
0.035618
0.0356606
0.0353458
0.0350341
0.035063
0.0351175
0.0348081
0.0348346
0.0348874
0.0349106
0.0346032
0.0342988
0.0343251
0.0340234
0.0340804
0.0337812
0.0338383
0.036063
0.0357433
0.0354264
0.0351125
0.0354505
0.0357513
0.0354339
0.0351197
0.0348085
0.0351583
0.0348468
0.0351829
0.0354836
0.0351687
0.0348569
0.0351729
0.0354773
0.0351623
0.0354482
0.0357296
0.0359999
0.036257
0.0365184
0.0361929
0.0364282
0.0361037
0.0357823
0.0360095
0.035689
0.0359418
0.0356219
0.0358391
0.0355203
0.0357305
0.0359326
0.0356127
0.0358047
0.0354861
0.0351706
0.0353562
0.0367117
0.0367848
0.0364576
0.0361338
0.037785
0.0374476
0.0376673
0.0392974
0.039028
0.0396568
0.0397559
0.039817
0.0399356
0.0400531
0.0401659
0.0402724
0.0399108
0.0395527
0.0391982
0.0392751
0.038894
0.0389697
0.0386209
0.0382756
0.0379336
0.0376435
0.0372884
0.0369666
0.0366376
0.0363119
0.0359807
0.0356256
0.0357315
0.0354147
0.0355607
0.0357021
0.0358374
0.0355195
0.0352047
0.0350397
0.0347296
0.0344225
0.0345533
0.0342479
0.0341135
0.034263
0.0344023
0.0343668
0.0340632
0.0337626
0.0339045
0.0338502
0.033571
0.0337167
0.0334195
0.0335592
0.0332636
0.0329709
0.0331082
0.032817
0.0328928
0.0330391
0.0330239
0.0331771
0.0333097
0.0334466
0.0331519
0.0331776
0.0333191
0.0332436
0.0333807
0.0330865
0.0332297
0.0333676
0.0330735
0.0332061
0.0329136
0.0330381
0.0327472
0.032876
0.0329966
0.0331744
0.0329593
0.0331176
0.0331232
0.0328312
0.0325422
0.0326738
0.0327994
0.0329504
0.0330928
0.0332537
0.0334169
0.0335718
0.0336946
0.0338253
0.0335263
0.0332302
0.0333367
0.0330425
0.0327512
0.0324629
0.0325763
0.0322897
0.0323982
0.03293
0.0326395
0.0330666
0.0332059
0.0331251
0.0328328
0.0325433
0.0326801
0.0328137
0.0325348
0.0326672
0.0328197
0.0325303
0.032659
0.0324178
0.0321323
0.0322669
0.0319828
0.0317016
0.0314322
0.0311563
0.0308832
0.0306128
0.0307548
0.0304856
0.0302864
0.0300219
0.0302093
0.0299942
0.0297325
0.0294735
0.029217
0.028963
0.0291485
0.0290097
0.0287476
0.0284982
0.0282513
0.0280938
0.0282641
0.0284543
0.0282078
0.0279638
0.0277221
0.0278854
0.0280446
0.0278022
0.027988
0.0280966
0.0282979
0.028317
0.0280716
0.0278287
0.0277292
0.0274897
0.0273271
0.027529
0.0272914
0.0271122
0.0268787
0.0270657
0.0268327
0.0266019
0.0268114
0.0265727
0.0263306
0.0261048
0.025863
0.0260748
0.0258515
0.0260601
0.0258369
0.0256454
0.0258463
0.0256251
0.0258252
0.0260343
0.0262389
0.0260138
0.0258563
0.0256349
0.0254562
0.0252388
0.0250236
0.0248104
0.0250226
0.0248546
0.0250667
0.0252758
0.0250337
0.0252444
0.0250289
0.0252358
0.0250204
0.0252229
0.0251225
0.0248999
0.0247336
0.0245231
0.024735
0.0245679
0.0243246
0.0245393
0.0243306
0.0241192
0.0239147
0.0241338
0.0243438
0.024137
0.0239323
0.0238354
0.0240511
0.024266
0.0244895
0.0243268
0.0245312
0.0243224
0.0241157
0.0240551
0.023851
0.0240816
0.0243096
0.0245231
0.0243142
0.0241074
0.0243193
0.0245394
0.0243303
0.0241097
0.0239049
0.0241221
0.0243265
0.0241195
0.0239145
0.0237115
0.0235106
0.0237258
0.023929
0.0237258
0.0239346
0.0241315
0.0243322
0.0244435
0.024235
0.0240286
0.0242599
0.0240531
0.0242836
0.024511
0.0243017
0.0240945
0.0238893
0.0240166
0.0238123
0.0240091
0.0241969
0.0243826
0.0247905
0.0249967
0.0252165
0.0254511
0.025685
0.0259071
0.0261248
0.0263477
0.026565
0.0268913
0.0266582
0.0268156
0.0269604
0.0267268
0.0274698
0.0275006
0.0272612
0.0274645
0.0272255
0.0269888
0.0267544
0.0265224
0.0267416
0.0269557
0.0271631
0.0275276
0.0276864
0.0280624
0.0277906
0.0278362
0.0276289
0.0277858
0.0275438
0.0277071
0.0278366
0.0280012
0.0277567
0.0279264
0.0277229
0.0276858
0.0274446
0.0276286
0.0277959
0.0275535
0.0277363
0.0279004
0.0276862
0.0278595
0.0276165
0.0277838
0.0277054
0.0278691
0.0276258
0.0277948
0.0277032
0.0278589
0.0276157
0.0277799
0.027939
0.0280926
0.027847
0.0280388
0.0279069
0.0280846
0.0280952
0.0278495
0.0278313
0.0279956
0.0278145
0.0275716
0.027331
0.0270929
0.0268571
0.0266236
0.0267968
0.026564
0.0267343
0.026502
0.0266687
0.0264371
0.0266099
0.0265633
0.026736
0.0266405
0.0268188
0.0265856
0.0263546
0.026126
0.0262919
0.0264627
0.026233
0.0260055
0.0257802
0.0255572
0.0257307
0.0259002
0.025676
0.025454
0.0256216
0.0254001
0.0255667
0.0253457
0.0255097
0.0252893
0.025071
0.0248549
0.0251433
0.0249263
0.0251346
0.0249175
0.025144
0.0253594
0.0255801
0.0253585
0.0255679
0.0257809
0.0259884
0.0261895
0.0259618
0.0261559
0.0263511
0.0265417
0.0267265
0.0264934
0.0262626
0.026446
0.0266235
0.0265475
0.0263688
0.0261392
0.0263077
0.026472
0.0263954
0.0261655
0.0263445
0.0262794
0.0264468
0.0262164
0.026228
0.0259997
0.0261786
0.0263635
0.0261337
0.026164
0.026002
0.0261644
0.0259367
0.0260948
0.0258678
0.0260225
0.0261731
0.0262763
0.0260473
0.0262417
0.026419
0.0261884
0.0263863
0.0265621
0.0263301
0.0261004
0.0258729
0.0260017
0.0258773
0.0260483
0.0261974
0.0262668
0.0260377
0.0260855
0.0262626
0.0264132
0.0264411
0.026616
0.026778
0.0265437
0.0265505
0.0263186
0.0263168
0.0260872
0.0262688
0.0260395
0.0258125
0.0259834
0.0259202
0.0256944
0.0258475
0.0259945
0.025768
0.0255438
0.0253217
0.0251019
0.0248842
0.0250738
0.0248563
0.0246408
0.0248603
0.0246448
0.0244314
0.02422
0.0246737
0.0248542
0.0250126
0.0251578
0.0252839
0.0250645
0.0251965
0.024978
0.0247617
0.0248925
0.0250202
0.0248034
0.0245888
0.0257753
0.0259648
0.0257381
0.0255135
0.0273945
0.0271543
0.0269168
0.0266818
0.0267525
0.0268169
0.0268841
0.0269484
0.0267133
0.0264805
0.0265402
0.0266041
0.0263723
0.0261429
0.0259157
0.0256908
0.0254681
0.0281638
0.027916
0.0282009
0.0279523
0.027706
0.0313834
0.0315406
0.031261
0.0312997
0.0338099
0.0339348
0.0341387
0.033833
0.0335302
0.0338468
0.0368273
0.0369078
0.0365765
0.036563
0.0362357
0.0359118
0.0355911
0.0385556
0.0386473
0.040773
0.0408819
0.0405123
0.0405374
0.0401714
0.0398092
0.0398454
0.0405274
0.0406124
0.041126
0.0408482
0.0408951
0.0409271
0.0405574
0.0401914
0.039829
0.0398545
0.0398733
0.039514
0.040289
0.0403634
0.0399986
0.0401256
0.0412304
0.0412849
0.0409118
0.0405425
0.040177
0.0401736
0.0401574
0.0401389
0.0397774
0.0394195
0.0410731
0.0411634
0.0413169
0.0409426
0.0405719
0.0402048
0.0404213
0.0406317
0.0408516
0.0410455
0.0406736
0.0408573
0.0410317
0.0411954
0.0408219
0.0404521
0.0406607
0.0402924
0.0404931
0.0406842
0.0423485
0.0423678
0.0434473
0.0432025
0.0428099
0.0424211
0.042036
0.0416548
0.0412773
0.0409035
0.0410246
0.0406533
0.0402857
0.0399217
0.0400802
0.0397183
0.0393599
0.0403845
0.0404478
0.0411709
0.0412307
0.0411756
0.0412316
0.0412956
0.0413535
0.0409795
0.0410327
0.0406619
0.0402947
0.040151
0.0397888
0.0396174
0.0392485
0.0389661
0.0386156
0.0382349
0.0378916
0.0379795
0.0376098
0.0376965
0.0373585
0.0374427
0.0371073
0.0368555
0.0365258
0.0362558
0.0359074
0.0355953
0.0352781
0.0353821
0.0350669
0.0347549
0.0344437
0.0341379
0.033835
0.0335352
0.0332442
0.0329235
0.0326327
0.0327589
0.0328813
0.0325909
0.0323034
0.0321084
0.0318256
0.0319605
0.0316791
0.0318488
0.0315685
0.0317043
0.0318692
0.0315886
0.0313108
0.0310357
0.0307633
0.030485
0.030189
0.029925
0.0296636
0.0293909
0.0291348
0.0288638
0.0290514
0.0292348
0.0294123
0.0292253
0.0289707
0.0291516
0.0289249
0.028655
0.028406
0.0281253
0.0278816
0.028068
0.0282448
0.0279998
0.0281806
0.0283567
0.0282049
0.0283827
0.0281362
0.0278921
0.0277117
0.0278932
0.0276516
0.0278262
0.0275852
0.0277605
0.0277376
0.0279185
0.028102
0.0282832
0.0282158
0.0279707
0.0281309
0.0283026
0.0284688
0.0282213
0.0279762
0.0277335
0.0278853
0.0280334
0.0281937
0.0283341
0.028488
0.0288763
0.0290585
0.0288046
0.0285532
0.0287682
0.029373
0.0295277
0.0292695
0.0293859
0.0294969
0.0296022
0.0307294
0.0308953
0.030623
0.0308532
0.0305812
0.0322106
0.0319258
0.0316443
0.0317128
0.0314337
0.0311574
0.0312116
0.033385
0.0330888
0.0327951
0.0325042
0.0322161
0.0325475
0.0355222
0.0352056
0.0352629
0.0352841
0.0349711
0.0375906
0.0377134
0.0373754
0.0398753
0.0399747
0.039616
0.0396387
0.0396474
0.0396459
0.0392909
0.0392886
0.0411541
0.041246
0.0414062
0.0416098
0.0437684
0.0438236
0.0445917
0.0446153
0.0446548
0.0443916
0.0439898
0.0440299
0.0436317
0.0432375
0.0429361
0.0425487
0.0421651
0.0417852
0.0414091
0.0410368
0.0411284
0.0408572
0.0409256
0.0410013
0.0408386
0.0409213
0.0410059
0.0410839
0.0411644
0.0412386
0.0408676
0.0409442
0.0405761
0.0406498
0.0403298
0.0404062
0.0400214
0.0396623
0.0397418
0.0398302
0.0394729
0.0391765
0.0388
0.0384529
0.0385568
0.0382266
0.0383201
0.0379777
0.0380676
0.0381529
0.0378121
0.0374747
0.0373411
0.0374386
0.0375389
0.0376647
0.0373285
0.0369955
0.0370985
0.0371976
0.036866
0.0369614
0.0370896
0.036759
0.0368844
0.0370047
0.0366748
0.0367648
0.0364373
0.036113
0.0357919
0.035634
0.0353176
0.0350042
0.0346939
0.0348478
0.0349719
0.0348359
0.0345569
0.0346662
0.0347997
0.0344915
0.0344058
0.0341013
0.0337998
0.0337459
0.0338934
0.0335941
0.0335627
0.0337119
0.0334143
0.033572
0.0332756
0.0329822
0.0329035
0.0326357
0.0324516
0.0326034
0.0327466
0.0328957
0.0330407
0.0327495
0.0324612
0.0326032
0.0323163
0.0324591
0.0325964
0.0327295
0.0326501
0.0323626
0.0320778
0.0322418
0.0321845
0.0319015
0.0320388
0.0317574
0.0314787
0.0316101
0.0317421
0.0315301
0.0312534
0.0312618
0.0309879
0.0307168
0.0304484
0.0301826
0.0299195
0.0300645
0.0302203
0.0299568
0.0301099
0.0303263
0.0301502
0.0303239
0.0304969
0.030666
0.0308497
0.031029
0.0312021
0.0309284
0.0307629
0.0309218
0.0306509
0.0303827
0.030533
0.0302659
0.0304124
0.0305584
0.0306554
0.0304432
0.0301768
0.0303497
0.0300842
0.0298213
0.0298191
0.0295589
0.0297111
0.0297927
0.0295327
0.0297177
0.029903
0.0299522
0.0297381
0.029893
0.0296321
0.0293737
0.0295243
0.0296787
0.029822
0.0299695
0.0297077
0.0299355
0.0297792
0.0299517
0.0301233
0.0298597
0.0300437
0.0297808
0.0299617
0.0301373
0.0303066
0.0301704
0.0299411
0.0296792
0.0294965
0.0296585
0.0298192
0.0295584
0.0293264
0.029483
0.0292731
0.0294464
0.0291564
0.0293297
0.0294985
0.0296531
0.0293938
0.029546
0.0294138
0.0291568
0.0293329
0.0290766
0.0288228
0.0285716
0.0284508
0.0282033
0.0283655
0.0281189
0.0282872
0.0284509
0.0282034
0.0283622
0.0285139
0.0286618
0.0284121
0.0285628
0.0288326
0.028701
0.0288828
0.0286307
0.0283809
0.0281337
0.0278889
0.0276465
0.0277767
0.0276116
0.0277792
0.0275381
0.0272994
0.027063
0.026829
0.0269983
0.0271626
0.0269276
0.0270892
0.0272515
0.0274059
0.0277145
0.0278921
0.0276495
0.028047
0.0278593
0.0280109
0.0277674
0.0280864
0.0282711
0.0280247
0.0282317
0.0284273
0.0288575
0.0286054
0.0287484
0.0288789
0.0286268
0.0283772
0.0284988
0.0282504
0.0283694
0.0281223
0.0278777
0.0276355
0.0286272
0.0288065
0.0290203
0.0292478
0.0289913
0.0287372
0.029
0.0287458
0.0290037
0.0292538
0.028997
0.0287428
0.0284911
0.0287319
0.0289663
0.0287123
0.0289382
0.0291567
0.029367
0.0295991
0.0306013
0.0303315
0.0304178
0.0304872
0.0305709
0.0303018
0.0300354
0.0297717
0.0295105
0.029252
0.0310541
0.0312355
0.030959
0.0306851
0.0309947
0.0307203
0.0310122
0.0307376
0.031053
0.0313354
0.0316087
0.0313281
0.031625
0.0319121
0.0316284
0.0318817
0.0315982
0.0313176
0.0315892
0.0318522
0.031569
0.0318197
0.0315368
0.0317772
0.0320175
0.0338365
0.0339306
0.033973
0.0336702
0.0333705
0.0358696
0.035988
0.0379326
0.0381602
0.0381851
0.0397335
0.0393741
0.0394987
0.0391413
0.0387874
0.0389595
0.0391283
0.0392898
0.0389343
0.0391026
0.0387489
0.0389003
0.0402713
0.0403043
0.0399398
0.0399132
0.0398928
0.0418889
0.0419436
0.0415622
0.0417633
0.0413834
0.0439679
0.0435674
0.0431716
0.04278
0.0427108
0.042324
0.0422623
0.044819
0.0444107
0.044006
0.0442274
0.0444691
0.0440635
0.0436618
0.0439139
0.0435137
0.0465945
0.0466134
0.0465584
0.0464707
0.0460481
0.0485231
0.0480796
0.0476402
0.0499507
0.0499796
0.0502395
0.0501986
0.0502121
0.0497529
0.0499826
0.0495284
0.0494163
0.0494182
0.049424
0.0489728
0.0485651
0.0485654
0.0485707
0.048128
0.0476896
0.0476899
0.0472559
0.0468261
0.0466096
0.0466402
0.0466658
0.0464051
0.0459836
0.0456663
0.0452409
0.0448542
0.0444412
0.0444891
0.0440865
0.0441316
0.0441723
0.0442089
0.043809
0.0438446
0.0434483
0.0434866
0.0435216
0.0435538
0.0431603
0.0432074
0.0432643
0.0428733
0.0424862
0.0421028
0.0421909
0.0418104
0.0414337
0.0410607
0.0411541
0.0407839
0.0408882
0.0405908
0.0406466
0.0406954
0.0407383
0.0403725
0.0404395
0.0406597
0.0402944
0.0399325
0.0395742
0.0399564
0.0395981
0.0392435
0.0396111
0.0392562
0.0389048
0.0385567
0.0382121
0.0378708
0.0380323
0.0376928
0.0373567
0.0375174
0.0379369
0.0380396
0.0377005
0.0373648
0.0370325
0.0377874
0.0379072
0.0384141
0.0382058
0.0382897
0.0379482
0.0380141
0.0386086
0.0382637
0.0384012
0.0385486
0.0382039
0.0378626
0.03865
0.0383047
0.0383728
0.0392009
0.0388502
0.0392273
0.0388764
0.0389637
0.0386156
0.0385871
0.0382426
0.0379014
0.0378574
0.0375202
0.0371863
0.0372795
0.0373673
0.037035
0.037109
0.03683
0.0369453
0.03706
0.0369855
0.0366568
0.0367463
0.0364199
0.0365377
0.0366505
0.0363251
0.0360029
0.0356839
0.0353681
0.0355899
0.0357362
0.0354194
0.0351058
0.0347952
0.0344877
0.0341832
0.0343479
0.0345348
0.0348881
0.0345799
0.0342749
0.033973
0.0336742
0.0333782
0.0330853
0.0331818
0.0338865
0.0335881
0.033762
0.0339465
0.0341318
0.0350643
0.0351661
0.0348554
0.0349524
0.034644
0.0346903
0.0347721
0.0344656
0.034545
0.034621
0.0343159
0.0343894
0.0344598
0.0360786
0.0357584
0.035441
0.0351265
0.0371899
0.0369221
0.037806
0.0374697
0.0375707
0.03771
0.03782
0.0377658
0.0374528
0.0375724
0.0374663
0.0371331
0.0368032
0.0369459
0.0370854
0.0367559
0.0364296
0.036567
0.0362425
0.0359213
0.0356033
0.0357419
0.0354256
0.0351124
0.0348332
0.0349694
0.0346608
0.0343552
0.0341576
0.0342993
0.0339972
0.0336981
0.0338458
0.0336108
0.033762
0.0334652
0.0336004
0.0333051
0.0334367
0.0335786
0.0332835
0.0334225
0.0335567
0.0332618
0.0333869
0.0335139
0.0332194
0.0333436
0.0336056
0.0333099
0.0334799
0.033654
0.0338258
0.0335276
0.0332323
0.0335634
0.0337076
0.0339329
0.0340627
0.0341997
0.0340829
0.0337823
0.0339265
0.0336274
0.0333314
0.0332757
0.0334147
0.0332782
0.0329743
0.0326846
0.0328178
0.0325296
0.0324376
0.0325791
0.0322932
0.03201
0.0319285
0.0320684
0.0317876
0.0319498
0.0319854
0.0317053
0.0318915
0.0320774
0.0320908
0.0318096
0.0315312
0.0316648
0.0313879
0.0315165
0.0312411
0.0309684
0.0310955
0.0308242
0.030949
0.0312744
0.031001
0.0307303
0.0304621
0.0301966
0.0299337
0.0301313
0.0303675
0.0305975
0.0303306
0.0305191
0.0307025
0.0309181
0.0311274
0.0313637
0.0312043
0.0313626
0.0314719
0.0316188
0.0313416
0.0310671
0.0312329
0.0309594
0.0310787
0.0312182
0.0309451
0.0310989
0.0312457
0.0313859
0.0311112
0.0312238
0.0313556
0.0319221
0.0316417
0.0318414
0.0320492
0.0328093
0.0325202
0.0326336
0.0323465
0.0333333
0.0334791
0.0336588
0.0338647
0.0340748
0.0342751
0.0344791
0.0346718
0.0343636
0.0345584
0.0342513
0.0339472
0.0348986
0.0347881
0.034876
0.0345666
0.0342602
0.0343374
0.0340334
0.0341083
0.0341804
0.0342498
0.0339465
0.0349999
0.0351361
0.0359968
0.0358444
0.0359291
0.036553
0.0366571
0.0363297
0.0364767
0.0366195
0.0362922
0.0364449
0.0365868
0.0367238
0.0368543
0.0365246
0.0361981
0.0358749
0.0362073
0.0358842
0.0359564
0.0360174
0.0366264
0.0362991
0.0367181
0.0368373
0.0365081
0.0365791
0.0362525
0.0359291
0.0361962
0.0358731
0.0360206
0.0361729
0.0365703
0.0362436
0.0363134
0.0359894
0.0356687
0.0357427
0.0358128
0.0354938
0.0355497
0.0356032
0.0356534
0.0365723
0.0362453
0.0359214
0.0370771
0.0367501
0.0368051
0.0368652
0.0365361
0.0365653
0.0377957
0.0378903
0.0375503
0.0389712
0.0386211
0.0382748
0.0392659
0.0390225
0.0386719
0.0383247
0.0379809
0.0381134
0.0389303
0.038581
0.039122
0.0391802
0.0392532
0.0393308
0.039459
0.0391043
0.0391833
0.0392589
0.038906
0.0389784
0.0386283
0.0382817
0.0382414
0.0383571
0.0384584
0.0381137
0.0382036
0.0378613
0.0375224
0.0371869
0.0368547
0.0369476
0.0366177
0.0369742
0.0370616
0.0367302
0.0368954
0.0365655
0.0371313
0.0367994
0.036471
0.036146
0.0358242
0.0355056
0.0351902
0.0352379
0.0361883
0.0362907
0.0359668
0.0356461
0.0358175
0.0354981
0.0356725
0.0370702
0.0371318
0.0372051
0.0372053
0.0389523
0.0390869
0.0402586
0.0403186
0.0403506
0.0405304
0.0401475
0.040269
0.0403277
0.0399647
0.0400953
0.0397344
0.0393772
0.0390234
0.0386732
0.0388101
0.0384619
0.0385397
0.0386711
0.0385587
0.0382131
0.0382672
0.0379245
0.037973
0.0380842
0.0377431
0.0374054
0.0375603
0.0376547
0.0373177
0.0374733
0.0371381
0.0368061
0.03696
0.037068
0.0371395
0.0371962
0.0374674
0.0375926
0.03768
0.0373425
0.0374402
0.0375935
0.0372568
0.0373528
0.0370184
0.0371702
0.0368376
0.0365083
0.0366583
0.0368028
0.0368094
0.0365601
0.0362336
0.0363443
0.0364171
0.036092
0.0357702
0.0358779
0.0359554
0.0360822
0.0360661
0.0357443
0.0358594
0.035945
0.0356244
0.035307
0.0353914
0.0354976
0.0355761
0.0356762
0.0357489
0.0358425
0.0359093
0.0362138
0.0358902
0.0355696
0.0356983
0.0353796
0.0350639
0.0352008
0.0357383
0.0354194
0.0351039
0.0351554
0.0348426
0.0345329
0.0346137
0.0343063
0.034002
0.0337006
0.0334023
0.033457
0.033161
0.0342611
0.0344206
0.0341144
0.0342988
0.0339935
0.0336913
0.0338939
0.0340912
0.034343
0.0345273
0.0342196
0.033915
0.0336134
0.0337948
0.0340388
0.0342099
0.0343748
0.0346032
0.0347554
0.0349713
0.0359834
0.0359259
0.0363313
0.0360061
0.0360258
0.0357596
0.0354402
0.0351239
0.0351404
0.0348662
0.0350136
0.0348962
0.0345853
0.0346667
0.034358
0.0340525
0.0337499
0.0337709
0.033471
0.033174
0.0328799
0.0330449
0.0327522
0.0324626
0.0326839
0.0323948
0.0321085
0.031825
0.0315442
0.031747
0.0319449
0.0316629
0.0313837
0.031533
0.0317776
0.0318895
0.0320274
0.0321122
0.0322327
0.0319482
0.0316665
0.0323961
0.0325207
0.0322327
0.032401
0.0326304
0.0323412
0.0325711
0.032794
0.0338092
0.0335088
0.0332116
0.0329175
0.0329621
0.0330015
0.0327096
0.0324205
0.032489
0.0325551
0.0326181
0.0344055
0.034099
0.0337953
0.0340291
0.0364124
0.0361147
0.0361723
0.0358498
0.0355307
0.0352148
0.037731
0.0379593
0.0376186
0.0378364
0.0374968
0.0393962
0.0394566
0.0394653
0.0391113
0.0390874
0.0412261
0.0412936
0.0409207
0.041158
0.0413618
0.0409878
0.0406174
0.0402507
0.0428477
0.0424604
0.0420775
0.0416989
0.0413242
0.0409532
0.040586
0.0402225
0.0427113
0.042808
0.0439371
0.0439838
0.0435866
0.0437402
0.0433455
0.0429545
0.0425675
0.0426793
0.0427879
0.0424024
0.0420206
0.0420014
0.042084
0.0417057
0.0413311
0.0413694
0.0414037
0.0414642
0.0415209
0.0411481
0.040779
0.0408114
0.0404455
0.0408897
0.0406737
0.0407435
0.0403781
0.0400164
0.0398813
0.0399858
0.0396278
0.0393946
0.0390426
0.038694
0.038349
0.0380073
0.0377933
0.0374571
0.0372119
0.0373162
0.0374409
0.0371082
0.0367787
0.0364526
0.0361296
0.0358099
0.0354933
0.0351798
0.0348695
0.0349868
0.0348566
0.0345467
0.0342425
0.0340626
0.0337374
0.0334866
0.0331929
0.0328795
0.0330229
0.0327095
0.0328837
0.0325959
0.0323253
0.032043
0.0317635
0.0314867
0.0312127
0.0309609
0.0311218
0.031277
0.031005
0.03119
0.0313365
0.0314785
0.0312045
0.0309332
0.0306645
0.0308061
0.0305387
0.0306777
0.0304116
0.0301481
0.030269
0.0304791
0.0302146
0.0299527
0.0301827
0.0299211
0.0301053
0.030258
0.0304108
0.0305913
0.0308794
0.0306109
0.0303449
0.0305706
0.0303049
0.0306051
0.030793
0.0305255
0.0306552
0.0303891
0.0309522
0.0311138
0.0308427
0.031038
0.0312812
0.0315211
0.0312457
0.0314786
0.0312036
0.0318036
0.031662
0.0313857
0.031752
0.0314746
0.0311998
0.0315385
0.0312633
0.030991
0.0307214
0.0310512
0.0312375
0.0314148
0.0316201
0.0313438
0.0315502
0.031751
0.0314733
0.0316594
0.0313826
0.0315749
0.0312989
0.0314388
0.0311643
0.0312417
0.0309691
0.0311395
0.0308679
0.0310497
0.0312212
0.0313882
0.0315611
0.0317184
0.0314409
0.0311367
0.0312921
0.0310187
0.0307481
0.0304801
0.0302148
0.0299806
0.0296987
0.029887
0.0296275
0.0293446
0.0290905
0.0292794
0.0290366
0.0287855
0.0289759
0.0291557
0.0289033
0.0290802
0.0292628
0.0291023
0.0292876
0.0290338
0.0292157
0.0289625
0.0291494
0.0288968
0.0286467
0.0288319
0.0285824
0.0287647
0.0285159
0.0282696
0.0284524
0.0282066
0.0279633
0.0277224
0.0279078
0.0280888
0.0278466
0.0276068
0.0273693
0.0271342
0.0273226
0.027088
0.0268556
0.0270424
0.0272246
0.0274046
0.0275588
0.0273216
0.0270866
0.0273033
0.0275464
0.0273745
0.0275585
0.0276858
0.0278798
0.0276392
0.0277114
0.0278983
0.0276577
0.0274195
0.0271836
0.0273567
0.0275503
0.0273129
0.0275331
0.0277513
0.0279716
0.0281527
0.0283164
0.0286922
0.0288739
0.0290181
0.0287661
0.0285166
0.0282697
0.0280252
0.0277831
0.0277937
0.0275538
0.0273162
0.0273844
0.0275705
0.0273329
0.0270977
0.0268648
0.0270459
0.0268135
0.0265835
0.0267564
0.0270299
0.0268996
0.0271129
0.027325
0.0270895
0.0268563
0.0270665
0.027272
0.0272837
0.027473
0.0272362
0.0274105
0.0271743
0.0269404
0.0272249
0.0271034
0.0271432
0.0269095
0.026795
0.0265648
0.0267639
0.0265339
0.0267365
0.0265572
0.0263292
0.0261035
0.0262981
0.0260727
0.0258495
0.0260454
0.0260095
0.0262112
0.0264146
0.026622
0.0268259
0.0270245
0.0267916
0.026561
0.0263326
0.0265279
0.0267259
0.0264959
0.0266904
0.0268797
0.0267258
0.0264957
0.0263048
0.0265014
0.0266923
0.0264625
0.0262349
0.0261144
0.0258902
0.0260955
0.0262955
0.0261536
0.0263438
0.0265332
0.0267105
0.0267344
0.0269289
0.0266964
0.0264662
0.0266669
0.0268717
0.0270658
0.0268318
0.0267694
0.0269477
0.0271161
0.0271801
0.0269449
0.0271299
0.0273144
0.0273605
0.0271235
0.026889
0.0270084
0.027208
0.0274133
0.0276175
0.0278173
0.0280109
0.0277673
0.0279542
0.0281355
0.0278905
0.027648
0.02752
0.0276891
0.02785
0.0280169
0.0277731
0.0275318
0.027696
0.0278559
0.0280042
0.028149
0.0282981
0.0280514
0.0278072
0.0279552
0.0280994
0.028239
0.0279928
0.0281282
0.0278831
0.0276405
0.0274002
0.0271623
0.0269268
0.0270673
0.0272046
0.0273504
0.0274808
0.027242
0.0270056
0.0276956
0.0278696
0.0280677
0.0278225
0.0275798
0.0273394
0.0284712
0.028608
0.0287089
0.0300665
0.0302098
0.0304332
0.0306356
0.0321347
0.032235
0.0323282
0.0320421
0.0317588
0.0336981
0.0333979
0.0336378
0.0333378
0.0330407
0.0333501
0.0336173
0.0362482
0.0359234
0.0359668
0.0380919
0.0377493
0.0374098
0.0392244
0.0388711
0.038919
0.0389434
0.0389549
0.0389444
0.0406434
0.0402762
0.0399124
0.0400946
0.0422612
0.0422995
0.0422815
0.0418995
0.0415215
0.0414664
0.0436715
0.0432752
0.0434033
0.0456555
0.0452402
0.0448296
0.0444234
0.0443681
0.0439667
0.0435692
0.0452273
0.0448168
0.04441
0.0446074
0.0442024
0.0444224
0.0440191
0.0436198
0.0432245
0.0434075
0.0435828
0.0437476
0.0457697
0.0458193
0.0457639
0.0453493
0.0452612
0.0448517
0.0444463
0.0443551
0.044263
0.0467052
0.0467197
0.0462946
0.0458734
0.0460534
0.0463436
0.0459217
0.046112
0.0463958
0.0459733
0.0462415
0.0458205
0.0483919
0.0479511
0.0479283
0.0474932
0.0470626
0.0469928
0.0469185
0.0493226
0.0493667
0.049501
0.0496787
0.049225
0.0487757
0.0489881
0.0485411
0.0487477
0.0513008
0.0513042
0.0520679
0.0520265
0.0515514
0.0510811
0.0506153
0.050624
0.0501628
0.0498036
0.0498088
0.0493557
0.0490569
0.0490676
0.0490888
0.0486859
0.0482153
0.0477778
0.0473446
0.0473673
0.0473957
0.0469662
0.046541
0.0465657
0.0463171
0.0463616
0.0459422
0.0455269
0.0451157
0.0448588
0.0444419
0.0441058
0.0437087
0.0433155
0.0429262
0.0425563
0.0421745
0.0422543
0.0418755
0.0419525
0.0415767
0.0413222
0.0414066
0.0410361
0.0406692
0.0403059
0.0399463
0.0395901
0.0396936
0.0394126
0.039507
0.0395937
0.0392411
0.038892
0.0385463
0.0386594
0.038316
0.0384027
0.0384859
0.0385936
0.0382507
0.0383286
0.0384029
0.0385053
0.0385721
0.0386682
0.0387598
0.0388183
0.0389017
0.0385556
0.0386361
0.0386908
0.0392595
0.0389094
0.0392734
0.03905
0.0387022
0.0383579
0.0380171
0.0380839
0.0385247
0.0386545
0.0383103
0.0384477
0.0385861
0.0382424
0.0384173
0.0380752
0.0382462
0.0386889
0.0387745
0.0390606
0.0391432
0.0392647
0.0393886
0.0395096
0.0396061
0.0397186
0.0398094
0.0399132
0.0400117
0.0396536
0.0392991
0.0393869
0.0394809
0.0395625
0.0392088
0.0388586
0.0389404
0.0385927
0.0386726
0.0383277
0.0384253
0.0380827
0.0381785
0.0382084
0.0378678
0.0375304
0.0371964
0.0373267
0.0374539
0.0371205
0.0372438
0.0369125
0.0365844
0.0362596
0.0363838
0.0365036
0.0364584
0.0365538
0.0366769
0.0367915
0.0369813
0.0366525
0.0368051
0.0369603
0.0371125
0.036782
0.0369502
0.037064
0.0371468
0.0368163
0.036888
0.0369695
0.0366408
0.0367066
0.0367693
0.0364425
0.0371071
0.0367766
0.0364492
0.0372644
0.0369326
0.0370044
0.0370611
0.0367316
0.0364054
0.0364791
0.0374637
0.0375982
0.0383131
0.038155
0.0378146
0.03789
0.0375525
0.0376005
0.0372659
0.0369345
0.0369996
0.0370617
0.0371075
0.0381305
0.03779
0.0379595
0.0376204
0.0372845
0.0369519
0.0366226
0.0368414
0.0365132
0.0361882
0.0364023
0.0360783
0.0357576
0.0359757
0.037328
0.0374264
0.0370934
0.036764
0.038383
0.038338
0.0379956
0.0376565
0.038874
0.0385269
0.0381836
0.038231
0.0378908
0.0379258
0.0375887
0.0376204
0.0372863
0.037317
0.0373516
0.0373841
0.0374098
0.0370777
0.036749
0.0367777
0.0364519
0.0364883
0.0361653
0.0361965
0.0362326
0.0362607
0.0362867
0.0363188
0.0359974
0.0356791
0.0357064
0.0353911
0.0350788
0.0370783
0.037222
0.0374261
0.0376813
0.0379373
0.0375984
0.0378599
0.0381389
0.0383859
0.0386223
0.0382763
0.0384984
0.0381535
0.0378121
0.0380778
0.0377371
0.0373997
0.037657
0.0373204
0.0375351
0.0371996
0.0368675
0.0370772
0.0367463
0.0369948
0.0366646
0.038331
0.0384046
0.0384577
0.0400228
0.0397855
0.0394287
0.0390752
0.0392691
0.039462
0.0391081
0.0387577
0.0384107
0.0380672
0.0377271
0.0373903
0.0375924
0.037257
0.0369248
0.036596
0.0362704
0.037483
0.0371493
0.0368194
0.0364928
0.0361696
0.0362104
0.0358901
0.0359282
0.0359722
0.0356542
0.0356904
0.0374483
0.037115
0.0367846
0.0364573
0.0361332
0.0358122
0.0360925
0.0357719
0.0354544
0.0357599
0.0354425
0.0351283
0.0348172
0.037123
0.0372469
0.0382551
0.0383477
0.0384555
0.0385713
0.0382276
0.0382322
0.037892
0.0379959
0.0376582
0.0377451
0.0379095
0.0380293
0.0376909
0.0373557
0.0375028
0.0376431
0.0377843
0.0379201
0.0375825
0.0372483
0.0373858
0.0370535
0.0371859
0.0371476
0.0372555
0.0369246
0.036597
0.0367314
0.0364523
0.0361291
0.0362646
0.0359432
0.035625
0.0357818
0.0354652
0.0351516
0.0352949
0.0349831
0.0346743
0.0348169
0.0345098
0.034649
0.0345143
0.0346366
0.0347782
0.0348844
0.0350147
0.0351118
0.0348017
0.0344947
0.0347268
0.0348836
0.0345754
0.0342702
0.033968
0.0341592
0.033858
0.0335599
0.03375
0.0339341
0.0336351
0.033339
0.0335173
0.0336859
0.0338496
0.0339618
0.0340905
0.0337901
0.0338974
0.033599
0.0337177
0.0338154
0.0339273
0.034035
0.0341378
0.0338369
0.0335389
0.0336326
0.0337318
0.0338204
0.0339057
0.0339871
0.0336876
0.0337661
0.0334687
0.0331742
0.0328826
0.032594
0.0326783
0.0336561
0.0337961
0.0334977
0.0337306
0.0334327
0.0347883
0.0348964
0.0356932
0.0355314
0.0356924
0.0353758
0.0355198
0.0356295
0.0353338
0.0354706
0.0355783
0.0357094
0.0353926
0.035173
0.0348455
0.0349875
0.0351261
0.0352595
0.0349469
0.0346374
0.0347603
0.0344526
0.034148
0.0342813
0.0339784
0.0336784
0.0333814
0.0330873
0.0327961
0.0326239
0.0327699
0.0324818
0.0322998
0.0319958
0.0321403
0.0318584
0.0315793
0.0314364
0.0311615
0.0313208
0.0314967
0.031652
0.0318218
0.0315428
0.0316927
0.031415
0.0311146
0.0312835
0.0310098
0.0311758
0.0313244
0.031482
0.0313383
0.0315
0.0316544
0.0318146
0.0319707
0.0316899
0.0314118
0.0311024
0.0312579
0.0314133
0.0311379
0.0309258
0.0306553
0.030422
0.0301564
0.0298934
0.0300605
0.0297985
0.0295391
0.0292822
0.0290907
0.0292685
0.0294442
0.0292019
0.0289482
0.0291234
0.028928
0.0286449
0.0284085
0.028589
0.0283409
0.0280957
0.0278198
0.0275798
0.0277656
0.027526
0.0272888
0.0274731
0.0272365
0.0274171
0.0275929
0.027355
0.0275255
0.0272883
0.0274835
0.0272466
0.0274382
0.0274703
0.0276723
0.027858
0.0278586
0.0280298
0.0277874
0.0279453
0.0280973
0.0282435
0.0279989
0.02814
0.0282768
0.0284491
0.0286172
0.02878
0.02853
0.0286874
0.0284383
0.0285651
0.0283171
0.0284705
0.0282234
0.0279788
0.0277366
0.0283827
0.0281361
0.0283681
0.0281215
0.0283453
0.0285672
0.0283185
0.0285708
0.0295043
0.0292467
0.028992
0.0287399
0.0284904
0.0282434
0.028339
0.0298395
0.0300378
0.0297746
0.0315432
0.0312659
0.031384
0.0314603
0.0315434
0.0312668
0.0330602
0.0332574
0.0340867
0.0342067
0.0339037
0.03401
0.0337091
0.0334111
0.033491
0.0331952
0.0332734
0.0333707
0.0334436
0.0335135
0.0332174
0.034147
0.0338442
0.0335442
0.0332471
0.0329528
0.0326614
0.0323729
0.0320872
0.0318044
0.0315244
0.0317528
0.0314732
0.0316958
0.0319111
0.0316299
0.0318359
0.0320345
0.0333271
0.0330326
0.0331444
0.0332338
0.0329407
0.0347783
0.0348912
0.0350642
0.0347519
0.0349719
0.0351927
0.0375224
0.0375773
0.0375763
0.0394523
0.039098
0.0400594
0.0402031
0.0399354
0.0397723
0.0393845
0.0394316
0.039567
0.0392118
0.0388601
0.0389129
0.038963
0.0386137
0.0382756
0.0379331
0.038074
0.0382091
0.0378673
0.0375289
0.0373543
0.0374188
0.0370847
0.0369042
0.0365581
0.0362948
0.0359719
0.0356521
0.0358148
0.0354853
0.0355657
0.0352499
0.0353286
0.0354855
0.0352962
0.0349829
0.0350717
0.0351593
0.0348473
0.0346133
0.0343067
0.0343893
0.0342057
0.0339031
0.0336035
0.0337936
0.0339791
0.0341578
0.0338556
0.0339511
0.0336509
0.0333536
0.0330593
0.0327678
0.0324793
0.0321936
0.0323015
0.0324845
0.0321987
0.0323029
0.0320189
0.0317377
0.0314593
0.0313545
0.0310798
0.0312066
0.0311203
0.0313182
0.0312018
0.0313184
0.0310439
0.0312458
0.030972
0.0310937
0.0312123
0.0309279
0.0306572
0.0303891
0.0300892
0.0297932
0.0299211
0.0301315
0.0303363
0.0304551
0.0301889
0.0303841
0.0301187
0.0303088
0.0304234
0.0306044
0.0303367
0.0304475
0.0305551
0.0306588
0.0308295
0.0310852
0.0308124
0.0305422
0.0302747
0.0300097
0.0301698
0.0299058
0.0300645
0.0302188
0.0306314
0.030513
0.0306953
0.0307884
0.0305186
0.0306873
0.0307738
0.0309342
0.030663
0.0307461
0.0308266
0.0305563
0.0302887
0.0300238
0.0297615
0.0298472
0.0295866
0.0293286
0.0290732
0.0297547
0.0298855
0.0304697
0.0302027
0.0299385
0.0296769
0.029418
0.0296023
0.0293441
0.0290885
0.0288354
0.0292891
0.0290337
0.0292843
0.0298736
0.0296749
0.0298501
0.0296037
0.0293453
0.0290894
0.0292371
0.0289823
0.0291299
0.0292609
0.029006
0.029118
0.0288646
0.0290544
0.0288016
0.0292382
0.0291455
0.0292873
0.0290319
0.028779
0.0285285
0.0282806
0.0285579
0.028682
0.0288796
0.0286286
0.0291749
0.0293062
0.0295558
0.0301408
0.0298771
0.0296161
0.0293577
0.029102
0.0288488
0.029621
0.0293624
0.0291061
0.0288522
0.0300115
0.0297493
0.0299125
0.0310628
0.0309574
0.0311017
0.0308285
0.0309896
0.0312519
0.0309771
0.0318035
0.0315237
0.0321429
0.0318597
0.0320664
0.0322782
0.032405
0.032119
0.0323822
0.0322001
0.0319164
0.0316356
0.0317994
0.0320018
0.0321876
0.0319037
0.0316226
0.0317622
0.032078
0.0322477
0.0323319
0.032406
0.0321203
0.0328038
0.0329131
0.033443
0.0336146
0.0333168
0.033022
0.0327301
0.0324411
0.032155
0.0322335
0.032638
0.0323497
0.0324794
0.0330088
0.0330992
0.0331684
0.0332254
0.033275
0.0333995
0.0331039
0.0339894
0.034174
0.034394
0.0345334
0.0356969
0.0357553
0.0357793
0.0369734
0.0366423
0.0363142
0.0364389
0.0361126
0.0375138
0.0373393
0.0370051
0.0366744
0.0367521
0.036424
0.0364952
0.0364896
0.0365547
0.0366162
0.0366066
0.0362799
0.0363382
0.0360141
0.0360079
0.0356871
0.0357468
0.0357411
0.0357343
0.03579
0.0357801
0.0358323
